proguard/seeds.txt
com.flurry.org.codehaus.jackson.map.deser.std.TokenBufferDeserializer
com.flurry.org.codehaus.jackson.map.deser.std.TokenBufferDeserializer: TokenBufferDeserializer()
com.flurry.org.codehaus.jackson.map.deser.std.TokenBufferDeserializer: com.flurry.org.codehaus.jackson.util.TokenBuffer deserialize(com.flurry.org.codehaus.jackson.JsonParser,com.flurry.org.codehaus.jackson.map.DeserializationContext)
com.flurry.org.codehaus.jackson.map.deser.std.TokenBufferDeserializer: java.lang.Object deserialize(com.flurry.org.codehaus.jackson.JsonParser,com.flurry.org.codehaus.jackson.map.DeserializationContext)
com.flurry.org.codehaus.jackson.map.deser.std.UntypedObjectDeserializer
com.flurry.org.codehaus.jackson.map.deser.std.UntypedObjectDeserializer: java.lang.Object[] NO_OBJECTS
com.flurry.org.codehaus.jackson.map.deser.std.UntypedObjectDeserializer: UntypedObjectDeserializer()
com.flurry.org.codehaus.jackson.map.deser.std.UntypedObjectDeserializer: java.lang.Object deserialize(com.flurry.org.codehaus.jackson.JsonParser,com.flurry.org.codehaus.jackson.map.DeserializationContext)
com.flurry.org.codehaus.jackson.map.deser.std.UntypedObjectDeserializer: java.lang.Object deserializeWithType(com.flurry.org.codehaus.jackson.JsonParser,com.flurry.org.codehaus.jackson.map.DeserializationContext,com.flurry.org.codehaus.jackson.map.TypeDeserializer)
com.flurry.org.codehaus.jackson.map.deser.std.UntypedObjectDeserializer: java.lang.Object mapArray(com.flurry.org.codehaus.jackson.JsonParser,com.flurry.org.codehaus.jackson.map.DeserializationContext)
com.flurry.org.codehaus.jackson.map.deser.std.UntypedObjectDeserializer: java.lang.Object mapObject(com.flurry.org.codehaus.jackson.JsonParser,com.flurry.org.codehaus.jackson.map.DeserializationContext)
com.flurry.org.codehaus.jackson.map.deser.std.UntypedObjectDeserializer: java.lang.Object[] mapArrayToArray(com.flurry.org.codehaus.jackson.JsonParser,com.flurry.org.codehaus.jackson.map.DeserializationContext)
com.flurry.org.codehaus.jackson.map.deser.std.UntypedObjectDeserializer: void <clinit>()
com.flurry.org.codehaus.jackson.map.deser.std.UntypedObjectDeserializer$1
com.flurry.org.codehaus.jackson.map.deser.std.UntypedObjectDeserializer$1: int[] $SwitchMap$org$codehaus$jackson$JsonToken
com.flurry.org.codehaus.jackson.map.deser.std.UntypedObjectDeserializer$1: void <clinit>()
com.flurry.org.codehaus.jackson.map.exc.UnrecognizedPropertyException
com.flurry.org.codehaus.jackson.map.exc.UnrecognizedPropertyException: long serialVersionUID
com.flurry.org.codehaus.jackson.map.exc.UnrecognizedPropertyException: java.lang.Class _referringClass
com.flurry.org.codehaus.jackson.map.exc.UnrecognizedPropertyException: java.lang.String _unrecognizedPropertyName
com.flurry.org.codehaus.jackson.map.exc.UnrecognizedPropertyException: UnrecognizedPropertyException(java.lang.String,com.flurry.org.codehaus.jackson.JsonLocation,java.lang.Class,java.lang.String)
com.flurry.org.codehaus.jackson.map.exc.UnrecognizedPropertyException: com.flurry.org.codehaus.jackson.map.exc.UnrecognizedPropertyException from(com.flurry.org.codehaus.jackson.JsonParser,java.lang.Object,java.lang.String)
com.flurry.org.codehaus.jackson.map.exc.UnrecognizedPropertyException: java.lang.Class getReferringClass()
com.flurry.org.codehaus.jackson.map.exc.UnrecognizedPropertyException: java.lang.String getUnrecognizedPropertyName()
com.flurry.org.codehaus.jackson.map.ext.CoreXMLDeserializers
com.flurry.org.codehaus.jackson.map.ext.CoreXMLDeserializers: javax.xml.datatype.DatatypeFactory _dataTypeFactory
com.flurry.org.codehaus.jackson.map.ext.CoreXMLDeserializers: CoreXMLDeserializers()
com.flurry.org.codehaus.jackson.map.ext.CoreXMLDeserializers: java.util.Collection provide()
com.flurry.org.codehaus.jackson.map.ext.CoreXMLDeserializers: void <clinit>()