proguard/mapping.txt
com.flurry.org.codehaus.jackson.annotate.JsonManagedReference -> com.flurry.org.codehaus.jackson.annotate.JsonManagedReference:
    java.lang.String value() -> value
com.flurry.org.codehaus.jackson.annotate.JsonMethod -> com.flurry.org.codehaus.jackson.annotate.JsonMethod:
    com.flurry.org.codehaus.jackson.annotate.JsonMethod GETTER -> GETTER
    com.flurry.org.codehaus.jackson.annotate.JsonMethod SETTER -> SETTER
    com.flurry.org.codehaus.jackson.annotate.JsonMethod CREATOR -> CREATOR
    com.flurry.org.codehaus.jackson.annotate.JsonMethod FIELD -> FIELD
    com.flurry.org.codehaus.jackson.annotate.JsonMethod IS_GETTER -> IS_GETTER
    com.flurry.org.codehaus.jackson.annotate.JsonMethod NONE -> NONE
    com.flurry.org.codehaus.jackson.annotate.JsonMethod ALL -> ALL
    com.flurry.org.codehaus.jackson.annotate.JsonMethod[] $VALUES -> $VALUES
    com.flurry.org.codehaus.jackson.annotate.JsonMethod[] values() -> values
    com.flurry.org.codehaus.jackson.annotate.JsonMethod valueOf(java.lang.String) -> valueOf
    boolean creatorEnabled() -> creatorEnabled
    boolean getterEnabled() -> getterEnabled
    boolean isGetterEnabled() -> isGetterEnabled
    boolean setterEnabled() -> setterEnabled
    boolean fieldEnabled() -> fieldEnabled
com.flurry.org.codehaus.jackson.annotate.JsonProperty -> com.flurry.org.codehaus.jackson.annotate.JsonProperty:
    java.lang.String value() -> value
com.flurry.org.codehaus.jackson.annotate.JsonPropertyOrder -> com.flurry.org.codehaus.jackson.annotate.JsonPropertyOrder:
    java.lang.String[] value() -> value
    boolean alphabetic() -> alphabetic
com.flurry.org.codehaus.jackson.annotate.JsonRawValue -> com.flurry.org.codehaus.jackson.annotate.JsonRawValue:
    boolean value() -> value
com.flurry.org.codehaus.jackson.annotate.JsonSetter -> com.flurry.org.codehaus.jackson.annotate.JsonSetter:
    java.lang.String value() -> value
com.flurry.org.codehaus.jackson.annotate.JsonSubTypes -> com.flurry.org.codehaus.jackson.annotate.JsonSubTypes:
    com.flurry.org.codehaus.jackson.annotate.JsonSubTypes$Type[] value() -> value
com.flurry.org.codehaus.jackson.annotate.JsonSubTypes$Type -> com.flurry.org.codehaus.jackson.annotate.JsonSubTypes$Type:
    java.lang.Class value() -> value
    java.lang.String name() -> name
com.flurry.org.codehaus.jackson.annotate.JsonTypeInfo -> com.flurry.org.codehaus.jackson.annotate.JsonTypeInfo:
    com.flurry.org.codehaus.jackson.annotate.JsonTypeInfo$Id use() -> use
    com.flurry.org.codehaus.jackson.annotate.JsonTypeInfo$As include() -> include
    java.lang.String property() -> property
    java.lang.Class defaultImpl() -> defaultImpl
com.flurry.org.codehaus.jackson.annotate.JsonTypeInfo$As -> com.flurry.org.codehaus.jackson.annotate.JsonTypeInfo$As:
    com.flurry.org.codehaus.jackson.annotate.JsonTypeInfo$As PROPERTY -> PROPERTY
    com.flurry.org.codehaus.jackson.annotate.JsonTypeInfo$As WRAPPER_OBJECT -> WRAPPER_OBJECT
    com.flurry.org.codehaus.jackson.annotate.JsonTypeInfo$As WRAPPER_ARRAY -> WRAPPER_ARRAY
    com.flurry.org.codehaus.jackson.annotate.JsonTypeInfo$As EXTERNAL_PROPERTY -> EXTERNAL_PROPERTY
    com.flurry.org.codehaus.jackson.annotate.JsonTypeInfo$As[] $VALUES -> $VALUES
    com.flurry.org.codehaus.jackson.annotate.JsonTypeInfo$As[] values() -> values
    com.flurry.org.codehaus.jackson.annotate.JsonTypeInfo$As valueOf(java.lang.String) -> valueOf