proguard/usage.txt
com.novartis.mymigraine.ViewSavedEntryActivity:
    private int minYear
    private int minMonth
    private int minDay
    430:430:public void createMigraineEvent()
com.novartis.mymigraine.adapter.LearnOptionListAdaptor
com.novartis.mymigraine.adapter.ViewPreviousEntryListAdaptor$ViewHolder:
    android.widget.ImageView imgViewEdit
com.novartis.mymigraine.common.BoundedDatePicker:
    664:668:public void reset()
    764:765:public void removeDateChangedListener()
com.novartis.mymigraine.common.BoundedDatePicker$InputFilterMinMax:
    639:642:public BoundedDatePicker$InputFilterMinMax(com.novartis.mymigraine.common.BoundedDatePicker,java.lang.String,java.lang.String)
com.novartis.mymigraine.common.Constant:
    public static final java.lang.String EMAIL_BODY_HTML_FILE
    public static final java.lang.String EMAIL_SUBJECT
    public static final java.lang.String PDF_FILE_URL
    public static final java.lang.String VIEW_MIGRAINE_TRIGGERS_ASSET_URL
    public static final java.lang.String VIEW_WHAT_IS_MIGRAINE_ASSET_URL
    public static final java.lang.String VIEW_COPING_WITH_MIGRAINES_ASSET_URL
    public static final java.lang.String VIEW_USING_THIS_APP_ASSET_URL
    public static final java.lang.String VIEW_MIGRAINE_CAPLETS_ASSET_URL
    public static final int QUESTION_INTENSE_PAIN_ID
    public static final int QUESTION_LOCATION_OF_PAIN_ID
    public static final int QUESTION_WARNING_SIGN_ID
    public static final int QUESTION_SYMPTOMS_ID
    public static final int QUESTION_TREATMENT_ID
    public static final int QUESTION_RELEIF_ID
    public static final int QUESTION_SKIP_MEAL_ID
    public static final int QUESTION_FASTING_ID
    public static final int QUESTION_FOOD_ID
    public static final int QUESTION_LIFE_STYLE_ID
    public static final int QUESTION_ENVIRONMENT_ID
    public static final int QUESTION_MESTRUAL_ID
    public static final int QUESTION_NOTES
    public static final java.lang.String KEY_PREVIOUS_ANSWER_LIST
    public static final java.lang.String KEY_QUESTION
    public static final java.lang.String KEY_QUESTION_ID
    public static final java.lang.String KEY_IS_ENTRY_DELETED
com.novartis.mymigraine.common.DateTimePicker:
    567:571:public void reset()
    667:668:public void removeDateChangedListener()
com.novartis.mymigraine.common.DateTimePicker$InputFilterMinMax:
    542:545:public DateTimePicker$InputFilterMinMax(com.novartis.mymigraine.common.DateTimePicker,java.lang.String,java.lang.String)
com.novartis.mymigraine.common.IMigraineEvent:
    public abstract void createMigraineEvent()
com.novartis.mymigraine.common.ISendEMailStatus
com.novartis.mymigraine.common.JSSEProvider
com.novartis.mymigraine.common.JSSEProvider$1
com.novartis.mymigraine.common.NumberPicker:
    private static final java.lang.String TAG
    private static final int DEFAULT_MAX
    private static final int DEFAULT_MIN
    171:175:public void setRange(int,int)
    187:192:public void setRange(int,int,java.lang.String[])
com.novartis.mymigraine.common.PainIntenseButton:
    public static final int PAIN_INTENTSITY_MILD
    public static final int PAIN_INTENTSITY_MODERATE
    public static final int PAIN_INTENTSITY_SEVERE
com.novartis.mymigraine.common.SharedPrefUtility:
    public static final java.lang.String IS_LOAD_FIRST_TIME
    public static final java.lang.String ASK_MENSTRUATION_QUESTION
    public static final java.lang.String COUPON_EMAIL_ID
    6:6:public SharedPrefUtility()
    47:51:public static java.lang.String getCouponEmailId(android.content.Context)
    55:58:public static boolean saveCouponEmailId(android.content.Context,java.lang.String)